<?xml version="1.0" encoding="UTF-8"?>
<testng-results skipped="0" failed="0" total="1" passed="1">
  <reporter-output>
  </reporter-output>
  <suite name="Command line suite" duration-ms="11" started-at="2018-02-27T05:31:46Z" finished-at="2018-02-27T05:31:46Z">
    <groups>
    </groups>
    <test name="Command line test" duration-ms="11" started-at="2018-02-27T05:31:46Z" finished-at="2018-02-27T05:31:46Z">
      <class name="com.mindflash.trainerm.AppTest">
        <test-method status="PASS" signature="testApp()[pri:0, instance:testApp(com.mindflash.trainerm.AppTest)]" name="testApp" duration-ms="1" started-at="2018-02-26T22:31:46Z" finished-at="2018-02-26T22:31:46Z">
          <reporter-output>
          </reporter-output>
        </test-method> <!-- testApp -->
      </class> <!-- com.mindflash.trainerm.AppTest -->
    </test> <!-- Command line test -->
  </suite> <!-- Command line suite -->
</testng-results>
