<?xml version="1.0" encoding="UTF-8"?>
<testng-results skipped="0" failed="0" total="1" passed="1">
  <reporter-output>
  </reporter-output>
  <suite name="Command line suite" duration-ms="31481" started-at="2018-02-27T05:31:14Z" finished-at="2018-02-27T05:31:46Z">
    <groups>
    </groups>
    <test name="Command line test" duration-ms="31481" started-at="2018-02-27T05:31:14Z" finished-at="2018-02-27T05:31:46Z">
      <class name="com.mindflash.trainerm.TrainerTest">
        <test-method status="PASS" signature="setup()[pri:0, instance:com.mindflash.trainerm.TrainerTest@51565ec2]" name="setup" is-config="true" duration-ms="5776" started-at="2018-02-26T22:31:14Z" finished-at="2018-02-26T22:31:20Z">
          <reporter-output>
          </reporter-output>
        </test-method> <!-- setup -->
        <test-method status="PASS" signature="checkNavigation()[pri:0, instance:com.mindflash.trainerm.TrainerTest@51565ec2]" name="checkNavigation" duration-ms="25332" started-at="2018-02-26T22:31:20Z" finished-at="2018-02-26T22:31:45Z">
          <reporter-output>
          </reporter-output>
        </test-method> <!-- checkNavigation -->
        <test-method status="PASS" signature="tearDown()[pri:0, instance:com.mindflash.trainerm.TrainerTest@51565ec2]" name="tearDown" is-config="true" duration-ms="327" started-at="2018-02-26T22:31:45Z" finished-at="2018-02-26T22:31:46Z">
          <reporter-output>
          </reporter-output>
        </test-method> <!-- tearDown -->
      </class> <!-- com.mindflash.trainerm.TrainerTest -->
    </test> <!-- Command line test -->
  </suite> <!-- Command line suite -->
</testng-results>
